Using pre-set license
Built from '2020.3/staging' branch; Version is '2020.3.18f1 (a7d1c678663c) revision 10998214'; Using compiler version '192528614'; Build Type 'Release'
OS: 'Windows 10 Pro; OS build 19041.985; Version 2004; 64bit' Language: 'en' Physical Memory: 8071 MB
BatchMode: 1, IsHumanControllingUs: 0, StartBugReporterOnCrash: 0, Is64bit: 1, IsPro: 0

COMMAND LINE ARGUMENTS:
C:\Program Files\Unity\Hub\Editor\2020.3.18f1\Editor\Unity.exe
-adb2
-batchMode
-noUpm
-name
AssetImportWorker0
-projectPath
C:/Users/james.hooper/Desktop/CS_2021-2022_Classwork/games/CounterMX
-logFile
Logs/AssetImportWorker0.log
-srvPort
61050
Successfully changed project path to: C:/Users/james.hooper/Desktop/CS_2021-2022_Classwork/games/CounterMX
C:/Users/james.hooper/Desktop/CS_2021-2022_Classwork/games/CounterMX
Using Asset Import Pipeline V2.
Refreshing native plugins compatible for Editor in 92.79 ms, found 3 plugins.
Preloading 0 native plugins for Editor in 0.00 ms.
Initialize engine version: 2020.3.18f1 (a7d1c678663c)
[Subsystems] Discovering subsystems at path C:/Program Files/Unity/Hub/Editor/2020.3.18f1/Editor/Data/Resources/UnitySubsystems
[Subsystems] Discovering subsystems at path C:/Users/james.hooper/Desktop/CS_2021-2022_Classwork/games/CounterMX/Assets
GfxDevice: creating device client; threaded=0
Direct3D:
    Version:  Direct3D 11.0 [level 11.1]
    Renderer: Intel(R) HD Graphics 630 (ID=0x5912)
    Vendor:   
    VRAM:     4035 MB
    Driver:   27.20.100.8854
Initialize mono
Mono path[0] = 'C:/Program Files/Unity/Hub/Editor/2020.3.18f1/Editor/Data/Managed'
Mono path[1] = 'C:/Program Files/Unity/Hub/Editor/2020.3.18f1/Editor/Data/MonoBleedingEdge/lib/mono/unityjit'
Mono config path = 'C:/Program Files/Unity/Hub/Editor/2020.3.18f1/Editor/Data/MonoBleedingEdge/etc'
Using monoOptions --debugger-agent=transport=dt_socket,embedding=1,server=y,suspend=n,address=127.0.0.1:56720
Begin MonoManager ReloadAssembly
Registering precompiled unity dll's ...
Register platform support module: C:/Program Files/Unity/Hub/Editor/2020.3.18f1/Editor/Data/PlaybackEngines/WindowsStandaloneSupport/UnityEditor.WindowsStandalone.Extensions.dll
Registered in 0.044208 seconds.
Native extension for WindowsStandalone target not found
Refreshing native plugins compatible for Editor in 45.02 ms, found 3 plugins.
Preloading 0 native plugins for Editor in 0.00 ms.
Mono: successfully reloaded assembly
- Completed reload, in  6.488 seconds
Domain Reload Profiling:
	ReloadAssembly (6489ms)
		BeginReloadAssembly (2845ms)
			ExecutionOrderSort (0ms)
			DisableScriptedObjects (0ms)
			BackupInstance (0ms)
			ReleaseScriptingObjects (0ms)
			CreateAndSetChildDomain (1ms)
		EndReloadAssembly (1003ms)
			LoadAssemblies (2843ms)
			RebuildTransferFunctionScriptingTraits (0ms)
			SetupTypeCache (636ms)
			ReleaseScriptCaches (0ms)
			RebuildScriptCaches (32ms)
			SetupLoadedEditorAssemblies (237ms)
				LogAssemblyErrors (0ms)
				InitializePlatformSupportModulesInManaged (4ms)
				SetLoadedEditorAssemblies (0ms)
				RefreshPlugins (45ms)
				BeforeProcessingInitializeOnLoad (73ms)
				ProcessInitializeOnLoadAttributes (84ms)
				ProcessInitializeOnLoadMethodAttributes (32ms)
				AfterProcessingInitializeOnLoad (0ms)
				EditorAssembliesLoaded (0ms)
			ExecutionOrderSort2 (0ms)
			AwakeInstancesAfterBackupRestoration (0ms)
Platform modules already initialized, skipping
Registering precompiled user dll's ...
Registered in 0.219687 seconds.
Begin MonoManager ReloadAssembly
Native extension for WindowsStandalone target not found
Refreshing native plugins compatible for Editor in 44.41 ms, found 3 plugins.
Preloading 0 native plugins for Editor in 0.00 ms.
Mono: successfully reloaded assembly
- Completed reload, in  2.643 seconds
Domain Reload Profiling:
	ReloadAssembly (2645ms)
		BeginReloadAssembly (241ms)
			ExecutionOrderSort (0ms)
			DisableScriptedObjects (5ms)
			BackupInstance (0ms)
			ReleaseScriptingObjects (0ms)
			CreateAndSetChildDomain (22ms)
		EndReloadAssembly (2332ms)
			LoadAssemblies (1000ms)
			RebuildTransferFunctionScriptingTraits (0ms)
			SetupTypeCache (769ms)
			ReleaseScriptCaches (1ms)
			RebuildScriptCaches (50ms)
			SetupLoadedEditorAssemblies (444ms)
				LogAssemblyErrors (0ms)
				InitializePlatformSupportModulesInManaged (4ms)
				SetLoadedEditorAssemblies (0ms)
				RefreshPlugins (45ms)
				BeforeProcessingInitializeOnLoad (93ms)
				ProcessInitializeOnLoadAttributes (275ms)
				ProcessInitializeOnLoadMethodAttributes (17ms)
				AfterProcessingInitializeOnLoad (10ms)
				EditorAssembliesLoaded (0ms)
			ExecutionOrderSort2 (0ms)
			AwakeInstancesAfterBackupRestoration (7ms)
Platform modules already initialized, skipping
========================================================================
Worker process is ready to serve import requests
Launched and connected shader compiler UnityShaderCompiler.exe after 0.20 seconds
Refreshing native plugins compatible for Editor in 0.42 ms, found 3 plugins.
Preloading 0 native plugins for Editor in 0.00 ms.
Unloading 2090 Unused Serialized files (Serialized files now loaded: 0)
System memory in use before: 93.1 MB.
System memory in use after: 93.1 MB.

Unloading 26 unused Assets to reduce memory usage. Loaded Objects now: 2529.
Total: 4.037400 ms (FindLiveObjects: 0.222700 ms CreateObjectMapping: 0.082700 ms MarkObjects: 3.638400 ms  DeleteObjects: 0.092400 ms)

AssetImportParameters requested are different than current active one (requested -> active):
  custom:framework-win-MediaFoundation: 216162199b28c13a410421893ffa2e32 -> 
  custom:video-decoder-ogg-theora: a1e56fd34408186e4bbccfd4996cb3dc -> 
  custom:container-muxer-webm: aa71ff27fc2769a1b78a27578f13a17b -> 
  custom:container-demuxer-webm: 4f35f7cbe854078d1ac9338744f61a02 -> 
  custom:container-demuxer-ogg: 62fdf1f143b41e24485cea50d1cbac27 -> 
  custom:video-encoder-webm-vp8: eb34c28f22e8b96e1ab97ce403110664 -> 
  custom:video-decoder-webm-vp8: 9c59270c3fd7afecdb556c50c9e8de78 -> 
  custom:audio-decoder-ogg-vorbis: bf7c407c2cedff20999df2af8eb42d56 -> 
  custom:audio-encoder-webm-vorbis: bf7c407c2cedff20999df2af8eb42d56 -> 
========================================================================
Received Import Request.
  path: Assets
  artifactKey: Guid(00000000000000001000000000000000) Importer(815301076,1909f56bfc062723c751e8b465ee728b)
Start importing Assets using Guid(00000000000000001000000000000000) Importer(815301076,1909f56bfc062723c751e8b465ee728b)  -> (artifact id: '42d402b061de3733987d63b9cc3b64de') in 0.011204 seconds 
  Import took 0.016852 seconds .

========================================================================
Received Import Request.
  Time since last request: 0.000291 seconds.
  path: Assets/PreFabs
  artifactKey: Guid(786237d82a5fb124398f842fc14d7d16) Importer(815301076,1909f56bfc062723c751e8b465ee728b)
Start importing Assets/PreFabs using Guid(786237d82a5fb124398f842fc14d7d16) Importer(815301076,1909f56bfc062723c751e8b465ee728b)  -> (artifact id: 'e2c0cbec2b172c19fca7950bfceb7d8f') in 0.007963 seconds 
  Import took 0.012874 seconds .

========================================================================
Received Import Request.
  Time since last request: 4.484395 seconds.
  path: Assets/Mats
  artifactKey: Guid(0110f794fb5bdfd4c95c96194d38d17f) Importer(815301076,1909f56bfc062723c751e8b465ee728b)
Start importing Assets/Mats using Guid(0110f794fb5bdfd4c95c96194d38d17f) Importer(815301076,1909f56bfc062723c751e8b465ee728b)  -> (artifact id: '4a5d219940408c08a9cb51a32d480a43') in 0.016647 seconds 
  Import took 0.021058 seconds .

========================================================================
Received Import Request.
  Time since last request: 6.782023 seconds.
  path: Assets/Audio
  artifactKey: Guid(bed512aa9bf3e4640b9fdf4859e78fe3) Importer(815301076,1909f56bfc062723c751e8b465ee728b)
Start importing Assets/Audio using Guid(bed512aa9bf3e4640b9fdf4859e78fe3) Importer(815301076,1909f56bfc062723c751e8b465ee728b)  -> (artifact id: 'ef92340779ddb2aa2542629af7ea5bd0') in 0.017031 seconds 
  Import took 0.025000 seconds .

========================================================================
Received Import Request.
  Time since last request: 8.519948 seconds.
  path: Assets/Tiles
  artifactKey: Guid(8e58e966052c7a74e9104ac7767ecbf0) Importer(815301076,1909f56bfc062723c751e8b465ee728b)
Start importing Assets/Tiles using Guid(8e58e966052c7a74e9104ac7767ecbf0) Importer(815301076,1909f56bfc062723c751e8b465ee728b)  -> (artifact id: 'edd0a8d332b704ffa792b54f164f4bbe') in 0.020028 seconds 
  Import took 0.025560 seconds .

========================================================================
Received Import Request.
  Time since last request: 24.349839 seconds.
  path: Assets/Scripts
  artifactKey: Guid(465ec1a856a1d6048b4fa388b88962d0) Importer(815301076,1909f56bfc062723c751e8b465ee728b)
Start importing Assets/Scripts using Guid(465ec1a856a1d6048b4fa388b88962d0) Importer(815301076,1909f56bfc062723c751e8b465ee728b)  -> (artifact id: 'abf17977cb49a9752b4d41dca6e617c7') in 0.016435 seconds 
  Import took 0.021505 seconds .

========================================================================
Received Import Request.
  Time since last request: 103.079038 seconds.
  path: Assets/Sprites
  artifactKey: Guid(adda79e45ed33dd4ca088ea25ba9348d) Importer(815301076,1909f56bfc062723c751e8b465ee728b)
Start importing Assets/Sprites using Guid(adda79e45ed33dd4ca088ea25ba9348d) Importer(815301076,1909f56bfc062723c751e8b465ee728b)  -> (artifact id: 'f3c17bc66ac0ea408e118dd896f01a52') in 0.018017 seconds 
  Import took 0.025410 seconds .

========================================================================
Received Import Request.
  Time since last request: 71.120131 seconds.
  path: Assets/Sprites/spaceMissiles_006.png
  artifactKey: Guid(10bbf09c532f9e34d86a8cc234020aa7) Importer(815301076,1909f56bfc062723c751e8b465ee728b)
Start importing Assets/Sprites/spaceMissiles_006.png using Guid(10bbf09c532f9e34d86a8cc234020aa7) Importer(815301076,1909f56bfc062723c751e8b465ee728b)  -> (artifact id: 'c6804ad4933774297c127e43ca5c6513') in 0.130531 seconds 
  Import took 0.139732 seconds .

========================================================================
Received Import Request.
  Time since last request: 54.032524 seconds.
  path: Assets/Sprites/enemyFloating_1.png
  artifactKey: Guid(f993de49dbf65f4469ae1244fd9686d4) Importer(815301076,1909f56bfc062723c751e8b465ee728b)
Start importing Assets/Sprites/enemyFloating_1.png using Guid(f993de49dbf65f4469ae1244fd9686d4) Importer(815301076,1909f56bfc062723c751e8b465ee728b)  -> (artifact id: 'cf74f9e86bc3e3d4bac6d0b81c6d658d') in 0.033973 seconds 
  Import took 0.039510 seconds .

========================================================================
Received Import Request.
  Time since last request: 63.283588 seconds.
  path: Assets/Sprites/sprite_001.png
  artifactKey: Guid(334c95b9fcb67f341ae9125f02bc4e8c) Importer(815301076,1909f56bfc062723c751e8b465ee728b)
Start importing Assets/Sprites/sprite_001.png using Guid(334c95b9fcb67f341ae9125f02bc4e8c) Importer(815301076,1909f56bfc062723c751e8b465ee728b)  -> (artifact id: '4af2c26408e499bbfc1e090f5edffb5c') in 0.031703 seconds 
  Import took 0.037207 seconds .

========================================================================
Received Import Request.
  Time since last request: 1.389197 seconds.
  path: Assets/Sprites/sprite_002.png
  artifactKey: Guid(0406231701bc5764c9644ea1ae18a74c) Importer(815301076,1909f56bfc062723c751e8b465ee728b)
Start importing Assets/Sprites/sprite_002.png using Guid(0406231701bc5764c9644ea1ae18a74c) Importer(815301076,1909f56bfc062723c751e8b465ee728b)  -> (artifact id: '0fb55fb41627eb30444e8543df42af06') in 0.028348 seconds 
  Import took 0.033946 seconds .

========================================================================
Received Import Request.
  Time since last request: 0.002656 seconds.
  path: Assets/Sprites/sprite_002.png
  artifactKey: Guid(0406231701bc5764c9644ea1ae18a74c) Importer(815301076,1909f56bfc062723c751e8b465ee728b)
Start importing Assets/Sprites/sprite_002.png using Guid(0406231701bc5764c9644ea1ae18a74c) Importer(815301076,1909f56bfc062723c751e8b465ee728b)  -> (artifact id: '0fb55fb41627eb30444e8543df42af06') in 0.029956 seconds 
  Import took 0.035206 seconds .

========================================================================
Received Import Request.
  Time since last request: 1.631024 seconds.
  path: Assets/Sprites/sprite_003.png
  artifactKey: Guid(8ecb489d73c19c84b96a853bb564de8a) Importer(815301076,1909f56bfc062723c751e8b465ee728b)
Start importing Assets/Sprites/sprite_003.png using Guid(8ecb489d73c19c84b96a853bb564de8a) Importer(815301076,1909f56bfc062723c751e8b465ee728b)  -> (artifact id: 'a3fc16ec358d45e34b286668535ab054') in 0.035797 seconds 
  Import took 0.044452 seconds .

========================================================================
Received Import Request.
  Time since last request: 1.717933 seconds.
  path: Assets/Sprites/sprite_000.png
  artifactKey: Guid(460a376354633944397576ce18d4b808) Importer(815301076,1909f56bfc062723c751e8b465ee728b)
Start importing Assets/Sprites/sprite_000.png using Guid(460a376354633944397576ce18d4b808) Importer(815301076,1909f56bfc062723c751e8b465ee728b)  -> (artifact id: 'e64f84a5a39d6d9f18e460516f096443') in 0.038389 seconds 
  Import took 0.046128 seconds .

========================================================================
Received Import Request.
  Time since last request: 0.000858 seconds.
  path: Assets/Sprites/sprite_000.png
  artifactKey: Guid(460a376354633944397576ce18d4b808) Importer(815301076,1909f56bfc062723c751e8b465ee728b)
Start importing Assets/Sprites/sprite_000.png using Guid(460a376354633944397576ce18d4b808) Importer(815301076,1909f56bfc062723c751e8b465ee728b)  -> (artifact id: 'e64f84a5a39d6d9f18e460516f096443') in 0.033690 seconds 
  Import took 0.038038 seconds .

========================================================================
Received Import Request.
  Time since last request: 25.152761 seconds.
  path: Assets/Sprites/saucer_blades0003.png
  artifactKey: Guid(0ab36c07ac23d054eb23d71955746ecf) Importer(815301076,1909f56bfc062723c751e8b465ee728b)
Start importing Assets/Sprites/saucer_blades0003.png using Guid(0ab36c07ac23d054eb23d71955746ecf) Importer(815301076,1909f56bfc062723c751e8b465ee728b)  -> (artifact id: 'fe439ece248be8af672aef094dfc8fa1') in 0.035271 seconds 
  Import took 0.041877 seconds .

========================================================================
Received Import Request.
  Time since last request: 105.501251 seconds.
  path: Assets/Sprites/sprite_140.png
  artifactKey: Guid(74512dbb885263c4b96f225f813781d6) Importer(815301076,1909f56bfc062723c751e8b465ee728b)
Start importing Assets/Sprites/sprite_140.png using Guid(74512dbb885263c4b96f225f813781d6) Importer(815301076,1909f56bfc062723c751e8b465ee728b)  -> (artifact id: 'f3d30950b0b6f46b728856fc07034d95') in 0.032960 seconds 
  Import took 0.038674 seconds .

========================================================================
Received Import Request.
  Time since last request: 2.486737 seconds.
  path: Assets/Sprites/sprite_141.png
  artifactKey: Guid(c2f3774e15fa60340a866d3a1eed0a2c) Importer(815301076,1909f56bfc062723c751e8b465ee728b)
Start importing Assets/Sprites/sprite_141.png using Guid(c2f3774e15fa60340a866d3a1eed0a2c) Importer(815301076,1909f56bfc062723c751e8b465ee728b)  -> (artifact id: '8262b82375768edfd929ab0b162652b6') in 0.036523 seconds 
  Import took 0.041421 seconds .

========================================================================
Received Import Request.
  Time since last request: 3.245228 seconds.
  path: Assets/Sprites/sprite_142.png
  artifactKey: Guid(abf61b9944c0c2f4b8987a39d87f9cae) Importer(815301076,1909f56bfc062723c751e8b465ee728b)
Start importing Assets/Sprites/sprite_142.png using Guid(abf61b9944c0c2f4b8987a39d87f9cae) Importer(815301076,1909f56bfc062723c751e8b465ee728b)  -> (artifact id: 'dfe4e9795b34b1969184b1959596010c') in 0.032627 seconds 
  Import took 0.038276 seconds .

========================================================================
Received Import Request.
  Time since last request: 9.659377 seconds.
  path: Assets/Sprites/spaceStation_030.png
  artifactKey: Guid(b141c0668a9486d4caa3c1c7f693f084) Importer(815301076,1909f56bfc062723c751e8b465ee728b)
Start importing Assets/Sprites/spaceStation_030.png using Guid(b141c0668a9486d4caa3c1c7f693f084) Importer(815301076,1909f56bfc062723c751e8b465ee728b)  -> (artifact id: '824d77bd8539027ffee81faef16dff17') in 0.032502 seconds 
  Import took 0.037941 seconds .

========================================================================
Received Import Request.
  Time since last request: 4.295525 seconds.
  path: Assets/Sprites/spaceStation_028.png
  artifactKey: Guid(aa48b8c30ab359d4b9445634739a10d0) Importer(815301076,1909f56bfc062723c751e8b465ee728b)
Start importing Assets/Sprites/spaceStation_028.png using Guid(aa48b8c30ab359d4b9445634739a10d0) Importer(815301076,1909f56bfc062723c751e8b465ee728b)  -> (artifact id: 'e16ecd49920a4985bbc83908148a7c48') in 0.044301 seconds 
  Import took 0.049303 seconds .

========================================================================
Received Import Request.
  Time since last request: 105.468652 seconds.
  path: Assets/Sprites/saucer_blades0003.png
  artifactKey: Guid(0ab36c07ac23d054eb23d71955746ecf) Importer(815301076,1909f56bfc062723c751e8b465ee728b)
Start importing Assets/Sprites/saucer_blades0003.png using Guid(0ab36c07ac23d054eb23d71955746ecf) Importer(815301076,1909f56bfc062723c751e8b465ee728b)  -> (artifact id: '7035c74e4d3fb073aa5eebd99b1b8d39') in 0.033671 seconds 
  Import took 0.042992 seconds .

========================================================================
Received Import Request.
  Time since last request: 20.412138 seconds.
  path: Assets/Sprites/spaceStation_028.png
  artifactKey: Guid(aa48b8c30ab359d4b9445634739a10d0) Importer(815301076,1909f56bfc062723c751e8b465ee728b)
Start importing Assets/Sprites/spaceStation_028.png using Guid(aa48b8c30ab359d4b9445634739a10d0) Importer(815301076,1909f56bfc062723c751e8b465ee728b)  -> (artifact id: 'dda24c6d71a4081ecbe11f23a16aedeb') in 0.038946 seconds 
  Import took 0.045929 seconds .

========================================================================
Received Import Request.
  Time since last request: 14.937902 seconds.
  path: Assets/Sprites/spaceStation_030.png
  artifactKey: Guid(b141c0668a9486d4caa3c1c7f693f084) Importer(815301076,1909f56bfc062723c751e8b465ee728b)
Start importing Assets/Sprites/spaceStation_030.png using Guid(b141c0668a9486d4caa3c1c7f693f084) Importer(815301076,1909f56bfc062723c751e8b465ee728b)  -> (artifact id: '059048a73d578eab99acd162e047db73') in 0.036488 seconds 
  Import took 0.046678 seconds .

========================================================================
Received Import Request.
  Time since last request: 78.453123 seconds.
  path: Assets/Sprites/sprite_140.png
  artifactKey: Guid(74512dbb885263c4b96f225f813781d6) Importer(815301076,1909f56bfc062723c751e8b465ee728b)
Start importing Assets/Sprites/sprite_140.png using Guid(74512dbb885263c4b96f225f813781d6) Importer(815301076,1909f56bfc062723c751e8b465ee728b)  -> (artifact id: '084d37eccf9b3acda3856f1532634476') in 0.037138 seconds 
  Import took 0.047164 seconds .

========================================================================
Received Import Request.
  Time since last request: 9.091203 seconds.
  path: Assets/Sprites/sprite_141.png
  artifactKey: Guid(c2f3774e15fa60340a866d3a1eed0a2c) Importer(815301076,1909f56bfc062723c751e8b465ee728b)
Start importing Assets/Sprites/sprite_141.png using Guid(c2f3774e15fa60340a866d3a1eed0a2c) Importer(815301076,1909f56bfc062723c751e8b465ee728b)  -> (artifact id: 'f26805081b8dc07ebab445454e9cda8f') in 0.037937 seconds 
  Import took 0.044987 seconds .

========================================================================
Received Import Request.
  Time since last request: 0.000276 seconds.
  path: Assets/Sprites/sprite_142.png
  artifactKey: Guid(abf61b9944c0c2f4b8987a39d87f9cae) Importer(815301076,1909f56bfc062723c751e8b465ee728b)
Start importing Assets/Sprites/sprite_142.png using Guid(abf61b9944c0c2f4b8987a39d87f9cae) Importer(815301076,1909f56bfc062723c751e8b465ee728b)  -> (artifact id: 'c30d94934194c8432438f1fd161bba22') in 0.034320 seconds 
  Import took 0.038271 seconds .

========================================================================
Received Import Request.
  Time since last request: 10.757527 seconds.
  path: Assets/Sprites/sprite_000.png
  artifactKey: Guid(460a376354633944397576ce18d4b808) Importer(815301076,1909f56bfc062723c751e8b465ee728b)
Start importing Assets/Sprites/sprite_000.png using Guid(460a376354633944397576ce18d4b808) Importer(815301076,1909f56bfc062723c751e8b465ee728b)  -> (artifact id: 'cc6260727c7009d200c9bc283d4b1e23') in 0.045722 seconds 
  Import took 0.051440 seconds .

========================================================================
Received Import Request.
  Time since last request: 0.000278 seconds.
  path: Assets/Sprites/sprite_002.png
  artifactKey: Guid(0406231701bc5764c9644ea1ae18a74c) Importer(815301076,1909f56bfc062723c751e8b465ee728b)
Start importing Assets/Sprites/sprite_002.png using Guid(0406231701bc5764c9644ea1ae18a74c) Importer(815301076,1909f56bfc062723c751e8b465ee728b)  -> (artifact id: '91342702a75f16b6483584c5db7627f4') in 0.032457 seconds 
  Import took 0.036449 seconds .

========================================================================
Received Import Request.
  Time since last request: 0.000247 seconds.
  path: Assets/Sprites/sprite_003.png
  artifactKey: Guid(8ecb489d73c19c84b96a853bb564de8a) Importer(815301076,1909f56bfc062723c751e8b465ee728b)
Start importing Assets/Sprites/sprite_003.png using Guid(8ecb489d73c19c84b96a853bb564de8a) Importer(815301076,1909f56bfc062723c751e8b465ee728b)  -> (artifact id: '6f3b8ad331305a58f942c7f6ec50d4bf') in 0.032566 seconds 
  Import took 0.036906 seconds .

========================================================================
Received Import Request.
  Time since last request: 0.000474 seconds.
  path: Assets/Sprites/sprite_001.png
  artifactKey: Guid(334c95b9fcb67f341ae9125f02bc4e8c) Importer(815301076,1909f56bfc062723c751e8b465ee728b)
Start importing Assets/Sprites/sprite_001.png using Guid(334c95b9fcb67f341ae9125f02bc4e8c) Importer(815301076,1909f56bfc062723c751e8b465ee728b)  -> (artifact id: '472650d22aecff2979db7934c537ef95') in 0.030945 seconds 
  Import took 0.038051 seconds .

========================================================================
Received Import Request.
  Time since last request: 65.095094 seconds.
  path: Assets/Audio/explosion.wav
  artifactKey: Guid(2c170f53516a2664286cfe02d45b2354) Importer(815301076,1909f56bfc062723c751e8b465ee728b)
Start importing Assets/Audio/explosion.wav using Guid(2c170f53516a2664286cfe02d45b2354) Importer(815301076,1909f56bfc062723c751e8b465ee728b)  -> (artifact id: '869ecb2a69b4651f0bf8bb0ad6bf2c49') in 0.197050 seconds 
  Import took 0.200727 seconds .

========================================================================
Received Import Request.
  Time since last request: 0.000349 seconds.
  path: Assets/Audio/missile.wav
  artifactKey: Guid(8a6d9de11b038e14e95fb3cd92c9b3d6) Importer(815301076,1909f56bfc062723c751e8b465ee728b)
Start importing Assets/Audio/missile.wav using Guid(8a6d9de11b038e14e95fb3cd92c9b3d6) Importer(815301076,1909f56bfc062723c751e8b465ee728b)  -> (artifact id: '26951a34b47d3018a385200efa5b4402') in 0.032783 seconds 
  Import took 0.036352 seconds .

========================================================================
Received Import Request.
  Time since last request: 273.687387 seconds.
  path: Assets/Audio/EpicArpg.m4a
  artifactKey: Guid(3d9634ba97c1e0d48b80fe254bb7a628) Importer(815301076,1909f56bfc062723c751e8b465ee728b)
Start importing Assets/Audio/EpicArpg.m4a using Guid(3d9634ba97c1e0d48b80fe254bb7a628) Importer(815301076,1909f56bfc062723c751e8b465ee728b)  -> (artifact id: '9bd925933f862a253e2fb822676bac40') in 0.021090 seconds 
  Import took 0.029116 seconds .

========================================================================
Received Import Request.
  Time since last request: 157.416235 seconds.
  path: Assets/Scenes/SampleScene.unity
  artifactKey: Guid(2cda990e2423bbf4892e6590ba056729) Importer(815301076,1909f56bfc062723c751e8b465ee728b)
Start importing Assets/Scenes/SampleScene.unity using Guid(2cda990e2423bbf4892e6590ba056729) Importer(815301076,1909f56bfc062723c751e8b465ee728b)  -> (artifact id: 'aa27944bdea339c97c39027c7eea529c') in 0.019967 seconds 
  Import took 0.027400 seconds .

========================================================================
Received Import Request.
  Time since last request: 32.201149 seconds.
  path: Assets/Scenes
  artifactKey: Guid(05ce80fc2a2c078408c6a160d506124d) Importer(815301076,1909f56bfc062723c751e8b465ee728b)
Start importing Assets/Scenes using Guid(05ce80fc2a2c078408c6a160d506124d) Importer(815301076,1909f56bfc062723c751e8b465ee728b)  -> (artifact id: '0b0e5aa67ef7fb03a31d9b68d1977c4d') in 0.016011 seconds 
  Import took 0.019983 seconds .

========================================================================
Received Import Request.
  Time since last request: 19.656243 seconds.
  path: Assets/Scenes/Level1.unity
  artifactKey: Guid(6ffcf5d6ad92ad9498b618f3f1d06365) Importer(815301076,1909f56bfc062723c751e8b465ee728b)
Start importing Assets/Scenes/Level1.unity using Guid(6ffcf5d6ad92ad9498b618f3f1d06365) Importer(815301076,1909f56bfc062723c751e8b465ee728b)  -> (artifact id: 'ad4c92632b70119020dc8ca4c63d05be') in 0.018076 seconds 
  Import took 0.022512 seconds .

========================================================================
Received Import Request.
  Time since last request: 0.000782 seconds.
  path: Assets/Scenes/Level1.unity
  artifactKey: Guid(6ffcf5d6ad92ad9498b618f3f1d06365) Importer(815301076,1909f56bfc062723c751e8b465ee728b)
Start importing Assets/Scenes/Level1.unity using Guid(6ffcf5d6ad92ad9498b618f3f1d06365) Importer(815301076,1909f56bfc062723c751e8b465ee728b)  -> (artifact id: 'ad4c92632b70119020dc8ca4c63d05be') in 0.016982 seconds 
  Import took 0.023995 seconds .

========================================================================
Received Import Request.
  Time since last request: 9.741064 seconds.
  path: Assets/Scenes/Start.unity
  artifactKey: Guid(98d79a7da2463454a90df8a0a18d33cc) Importer(815301076,1909f56bfc062723c751e8b465ee728b)
Start importing Assets/Scenes/Start.unity using Guid(98d79a7da2463454a90df8a0a18d33cc) Importer(815301076,1909f56bfc062723c751e8b465ee728b)  -> (artifact id: 'bd2833e471abeb89a622f04167b9c43e') in 0.017145 seconds 
  Import took 0.028076 seconds .

========================================================================
Received Import Request.
  Time since last request: 11.426327 seconds.
  path: Assets/Scenes/End.unity
  artifactKey: Guid(ac90a26b260f2ac479d3ac700cf920ed) Importer(815301076,1909f56bfc062723c751e8b465ee728b)
Start importing Assets/Scenes/End.unity using Guid(ac90a26b260f2ac479d3ac700cf920ed) Importer(815301076,1909f56bfc062723c751e8b465ee728b)  -> (artifact id: 'd5b267d9886512bfd2f854276cc66694') in 0.018582 seconds 
  Import took 0.029120 seconds .

========================================================================
Received Import Request.
  Time since last request: 13.014044 seconds.
  path: Assets/Level1.unity
  artifactKey: Guid(3b63bae9a587409489617f5f40439ca8) Importer(815301076,1909f56bfc062723c751e8b465ee728b)
Start importing Assets/Level1.unity using Guid(3b63bae9a587409489617f5f40439ca8) Importer(815301076,1909f56bfc062723c751e8b465ee728b)  -> (artifact id: '4cb39dcc3fd26b41b1fd4c685755281a') in 0.016173 seconds 
  Import took 0.023223 seconds .

========================================================================
Received Import Request.
  Time since last request: 343.767982 seconds.
  path: Assets/Tiles/Level.prefab
  artifactKey: Guid(b0c7fca8c09281d49a44c4bd93a8c2e5) Importer(815301076,1909f56bfc062723c751e8b465ee728b)
Start importing Assets/Tiles/Level.prefab using Guid(b0c7fca8c09281d49a44c4bd93a8c2e5) Importer(815301076,1909f56bfc062723c751e8b465ee728b)  -> (artifact id: '5539aaab7e791e99dba989df90614080') in 0.058082 seconds 
  Import took 0.063798 seconds .

========================================================================
Received Import Request.
  Time since last request: 0.000367 seconds.
  path: Assets/Tiles/sprite_140.asset
  artifactKey: Guid(fc6dbcc2429253b44b2efcfcdd76ece1) Importer(815301076,1909f56bfc062723c751e8b465ee728b)
Start importing Assets/Tiles/sprite_140.asset using Guid(fc6dbcc2429253b44b2efcfcdd76ece1) Importer(815301076,1909f56bfc062723c751e8b465ee728b)  -> (artifact id: '013e3cc94c9b64b13d1c5b900929d3e8') in 0.045617 seconds 
  Import took 0.050409 seconds .

========================================================================
Received Import Request.
  Time since last request: 0.000292 seconds.
  path: Assets/Tiles/sprite_000.asset
  artifactKey: Guid(5322a7b2644c37d45a8430552480a883) Importer(815301076,1909f56bfc062723c751e8b465ee728b)
Start importing Assets/Tiles/sprite_000.asset using Guid(5322a7b2644c37d45a8430552480a883) Importer(815301076,1909f56bfc062723c751e8b465ee728b)  -> (artifact id: '1fb688024710ed971f77494bf34efeff') in 0.037075 seconds 
  Import took 0.042365 seconds .

========================================================================
Received Import Request.
  Time since last request: 0.000327 seconds.
  path: Assets/Tiles/sprite_142.asset
  artifactKey: Guid(056fb6e149983e842b9a0df08945d060) Importer(815301076,1909f56bfc062723c751e8b465ee728b)
Start importing Assets/Tiles/sprite_142.asset using Guid(056fb6e149983e842b9a0df08945d060) Importer(815301076,1909f56bfc062723c751e8b465ee728b)  -> (artifact id: '9c5044bcf428781ebf3f8aa68aa379b1') in 0.031089 seconds 
  Import took 0.036779 seconds .

========================================================================
Received Import Request.
  Time since last request: 0.000214 seconds.
  path: Assets/Tiles/sprite_001.asset
  artifactKey: Guid(19c9899e33b2f984b81cfc56216509cc) Importer(815301076,1909f56bfc062723c751e8b465ee728b)
Start importing Assets/Tiles/sprite_001.asset using Guid(19c9899e33b2f984b81cfc56216509cc) Importer(815301076,1909f56bfc062723c751e8b465ee728b)  -> (artifact id: 'ddacb4a622e69dd0f49c1d6eebbb0bf5') in 0.029740 seconds 
  Import took 0.033835 seconds .

========================================================================
Received Import Request.
  Time since last request: 0.000231 seconds.
  path: Assets/Tiles/sprite_003.asset
  artifactKey: Guid(78c978b87db7d9141a499b950c7165d1) Importer(815301076,1909f56bfc062723c751e8b465ee728b)
Start importing Assets/Tiles/sprite_003.asset using Guid(78c978b87db7d9141a499b950c7165d1) Importer(815301076,1909f56bfc062723c751e8b465ee728b)  -> (artifact id: '3be6b5964e429fbb82c8461354884245') in 0.032721 seconds 
  Import took 0.036518 seconds .

========================================================================
Received Import Request.
  Time since last request: 0.000196 seconds.
  path: Assets/Tiles/sprite_002.asset
  artifactKey: Guid(3dc8a2a2266c42e45822ba0ceb01d691) Importer(815301076,1909f56bfc062723c751e8b465ee728b)
Start importing Assets/Tiles/sprite_002.asset using Guid(3dc8a2a2266c42e45822ba0ceb01d691) Importer(815301076,1909f56bfc062723c751e8b465ee728b)  -> (artifact id: '3ce2938767553c41a4429e3acb773e4d') in 0.035045 seconds 
  Import took 0.041617 seconds .

========================================================================
Received Import Request.
  Time since last request: 0.000215 seconds.
  path: Assets/Tiles/sprite_141.asset
  artifactKey: Guid(c1bbdfecd5eebf743bfb81252ac53e57) Importer(815301076,1909f56bfc062723c751e8b465ee728b)
Start importing Assets/Tiles/sprite_141.asset using Guid(c1bbdfecd5eebf743bfb81252ac53e57) Importer(815301076,1909f56bfc062723c751e8b465ee728b)  -> (artifact id: '5daf02e582c0e7c441deacc4f7d151d1') in 0.027290 seconds 
  Import took 0.033023 seconds .

========================================================================
Received Import Request.
  Time since last request: 855.001926 seconds.
  path: Assets/Sprites/New Sprite Atlas.spriteatlas
  artifactKey: Guid(79a8f9efb4ef61644bb3f20bc6384b91) Importer(815301076,1909f56bfc062723c751e8b465ee728b)
Start importing Assets/Sprites/New Sprite Atlas.spriteatlas using Guid(79a8f9efb4ef61644bb3f20bc6384b91) Importer(815301076,1909f56bfc062723c751e8b465ee728b)  -> (artifact id: '2d9fd1a6509456be108708e476d8f070') in 0.023874 seconds 
  Import took 0.031804 seconds .

========================================================================
Received Import Request.
  Time since last request: 19.338301 seconds.
  path: Assets/Sprites/main.spriteatlas
  artifactKey: Guid(7299d975ef47c664284a42ecc0ffbc13) Importer(815301076,1909f56bfc062723c751e8b465ee728b)
Start importing Assets/Sprites/main.spriteatlas using Guid(7299d975ef47c664284a42ecc0ffbc13) Importer(815301076,1909f56bfc062723c751e8b465ee728b)  -> (artifact id: '14863c560f90d16fe10e8c3fca49ec4a') in 0.012804 seconds 
  Import took 0.021119 seconds .

========================================================================
Received Import Request.
  Time since last request: 0.006085 seconds.
  path: Assets/Sprites/main.spriteatlas
  artifactKey: Guid(7299d975ef47c664284a42ecc0ffbc13) Importer(815301076,1909f56bfc062723c751e8b465ee728b)
Start importing Assets/Sprites/main.spriteatlas using Guid(7299d975ef47c664284a42ecc0ffbc13) Importer(815301076,1909f56bfc062723c751e8b465ee728b)  -> (artifact id: '14863c560f90d16fe10e8c3fca49ec4a') in 0.012825 seconds 
  Import took 0.019026 seconds .

========================================================================
Received Import Request.
  Time since last request: 142.164638 seconds.
  path: Assets/Sprites/main.spriteatlas
  artifactKey: Guid(7299d975ef47c664284a42ecc0ffbc13) Importer(815301076,1909f56bfc062723c751e8b465ee728b)
Start importing Assets/Sprites/main.spriteatlas using Guid(7299d975ef47c664284a42ecc0ffbc13) Importer(815301076,1909f56bfc062723c751e8b465ee728b)  -> (artifact id: '935ea29fd5f26c6f0629cf5c12b9b529') in 0.010811 seconds 
  Import took 0.016195 seconds .

========================================================================
Received Import Request.
  Time since last request: 0.023669 seconds.
  path: Assets/Sprites/main.spriteatlas
  artifactKey: Guid(7299d975ef47c664284a42ecc0ffbc13) Importer(815301076,1909f56bfc062723c751e8b465ee728b)
Start importing Assets/Sprites/main.spriteatlas using Guid(7299d975ef47c664284a42ecc0ffbc13) Importer(815301076,1909f56bfc062723c751e8b465ee728b)  -> (artifact id: '935ea29fd5f26c6f0629cf5c12b9b529') in 0.012138 seconds 
  Import took 0.021900 seconds .

========================================================================
Received Import Request.
  Time since last request: 737.772874 seconds.
  path: Packages/com.unity.2d.sprite/Editor/ObjectMenuCreation/DefaultAssets/Textures/Square.png
  artifactKey: Guid(48e93eef0688c4a259cb0eddcd8661f7) Importer(815301076,1909f56bfc062723c751e8b465ee728b)
Start importing Packages/com.unity.2d.sprite/Editor/ObjectMenuCreation/DefaultAssets/Textures/Square.png using Guid(48e93eef0688c4a259cb0eddcd8661f7) Importer(815301076,1909f56bfc062723c751e8b465ee728b)  -> (artifact id: '67f9d2c87602c9de665cd5edc8b46197') in 0.043081 seconds 
  Import took 0.049936 seconds .

========================================================================
Received Import Request.
  Time since last request: 22.707058 seconds.
  path: Packages/com.unity.2d.spriteshape/Editor/ObjectMenuCreation/DefaultAssets/Sprite Shapes/SpriteShapeEdge.png
  artifactKey: Guid(0ae2b74b1edd14bb18dd7b65ae916a54) Importer(815301076,1909f56bfc062723c751e8b465ee728b)
Start importing Packages/com.unity.2d.spriteshape/Editor/ObjectMenuCreation/DefaultAssets/Sprite Shapes/SpriteShapeEdge.png using Guid(0ae2b74b1edd14bb18dd7b65ae916a54) Importer(815301076,1909f56bfc062723c751e8b465ee728b)  -> (artifact id: 'd0a0a6bac8b0ef1cbcd7454e1ebfdb51') in 0.049386 seconds 
  Import took 0.055318 seconds .

========================================================================
Received Import Request.
  Time since last request: 0.000352 seconds.
  path: Packages/com.unity.2d.spriteshape/Editor/Handles/ss_playhead.png
  artifactKey: Guid(9ea72647c24be493ba6f15a9cd2a24ae) Importer(815301076,1909f56bfc062723c751e8b465ee728b)
Start importing Packages/com.unity.2d.spriteshape/Editor/Handles/ss_playhead.png using Guid(9ea72647c24be493ba6f15a9cd2a24ae) Importer(815301076,1909f56bfc062723c751e8b465ee728b)  -> (artifact id: '39927b807314c3a335a85bff6277a4c4') in 0.041620 seconds 
  Import took 0.045967 seconds .

========================================================================
Received Import Request.
  Time since last request: 0.000208 seconds.
  path: Packages/com.unity.collab-proxy/Editor/PlasticSCM/Assets/Images/step2.png
  artifactKey: Guid(cd0b17b71a5c498428ee91dee8a78a88) Importer(815301076,1909f56bfc062723c751e8b465ee728b)
Start importing Packages/com.unity.collab-proxy/Editor/PlasticSCM/Assets/Images/step2.png using Guid(cd0b17b71a5c498428ee91dee8a78a88) Importer(815301076,1909f56bfc062723c751e8b465ee728b)  -> (artifact id: 'fd466d6eba7976ad1e9627b2e7d8f229') in 0.043780 seconds 
  Import took 0.048921 seconds .

========================================================================
Received Import Request.
  Time since last request: 0.000252 seconds.
  path: Packages/com.unity.2d.spriteshape/Editor/ObjectMenuCreation/DefaultAssets/Sprite Shapes/SpriteShapeEdge.png
  artifactKey: Guid(0ae2b74b1edd14bb18dd7b65ae916a54) Importer(815301076,1909f56bfc062723c751e8b465ee728b)
Start importing Packages/com.unity.2d.spriteshape/Editor/ObjectMenuCreation/DefaultAssets/Sprite Shapes/SpriteShapeEdge.png using Guid(0ae2b74b1edd14bb18dd7b65ae916a54) Importer(815301076,1909f56bfc062723c751e8b465ee728b)  -> (artifact id: 'd0a0a6bac8b0ef1cbcd7454e1ebfdb51') in 0.032404 seconds 
  Import took 0.037915 seconds .

========================================================================
Received Import Request.
  Time since last request: 0.000216 seconds.
  path: Packages/com.unity.2d.sprite/Editor/ObjectMenuCreation/DefaultAssets/Textures/SquareWithBorder.png
  artifactKey: Guid(db750325989564987a34393247d883b4) Importer(815301076,1909f56bfc062723c751e8b465ee728b)
Start importing Packages/com.unity.2d.sprite/Editor/ObjectMenuCreation/DefaultAssets/Textures/SquareWithBorder.png using Guid(db750325989564987a34393247d883b4) Importer(815301076,1909f56bfc062723c751e8b465ee728b)  -> (artifact id: 'f6609b4886f6a7b5e886870c4517a228') in 0.035083 seconds 
  Import took 0.041166 seconds .

========================================================================
Received Import Request.
  Time since last request: 0.000243 seconds.
  path: Packages/com.unity.2d.spriteshape/Editor/Handles/ss_leftrange.png
  artifactKey: Guid(9417efc47083f4a1598c1966a6345cdb) Importer(815301076,1909f56bfc062723c751e8b465ee728b)
Start importing Packages/com.unity.2d.spriteshape/Editor/Handles/ss_leftrange.png using Guid(9417efc47083f4a1598c1966a6345cdb) Importer(815301076,1909f56bfc062723c751e8b465ee728b)  -> (artifact id: 'cac329b1e98816bb3dfd99145a4b9e57') in 0.037921 seconds 
  Import took 0.042384 seconds .

========================================================================
Received Import Request.
  Time since last request: 0.000209 seconds.
  path: Packages/com.unity.collab-proxy/Editor/PlasticSCM/Assets/Images/step1@2x.png
  artifactKey: Guid(affeade9874cf2347abb155e8d0db4d8) Importer(815301076,1909f56bfc062723c751e8b465ee728b)
Start importing Packages/com.unity.collab-proxy/Editor/PlasticSCM/Assets/Images/step1@2x.png using Guid(affeade9874cf2347abb155e8d0db4d8) Importer(815301076,1909f56bfc062723c751e8b465ee728b)  -> (artifact id: '3a81352c8f49eefb8fa487481a3dfb25') in 0.037046 seconds 
  Import took 0.042344 seconds .

========================================================================
Received Import Request.
  Time since last request: 0.000245 seconds.
  path: Packages/com.unity.collab-proxy/Editor/PlasticSCM/Assets/Images/step1.png
  artifactKey: Guid(9ce84ff0fdeb13d4a83f077d075dd9a5) Importer(815301076,1909f56bfc062723c751e8b465ee728b)
Start importing Packages/com.unity.collab-proxy/Editor/PlasticSCM/Assets/Images/step1.png using Guid(9ce84ff0fdeb13d4a83f077d075dd9a5) Importer(815301076,1909f56bfc062723c751e8b465ee728b)  -> (artifact id: '6b3b000b79ebf6c6bbbe657b790dffe6') in 0.033590 seconds 
  Import took 0.039358 seconds .

========================================================================
Received Import Request.
  Time since last request: 0.000197 seconds.
  path: Packages/com.unity.2d.spriteshape/Editor/Handles/ss_rightrange.png
  artifactKey: Guid(ee5df01235032491c8b180741ea820fe) Importer(815301076,1909f56bfc062723c751e8b465ee728b)
Start importing Packages/com.unity.2d.spriteshape/Editor/Handles/ss_rightrange.png using Guid(ee5df01235032491c8b180741ea820fe) Importer(815301076,1909f56bfc062723c751e8b465ee728b)  -> (artifact id: 'f3d4c6837c59948a358d303503c69709') in 0.033240 seconds 
  Import took 0.037454 seconds .

========================================================================
Received Import Request.
  Time since last request: 265.157888 seconds.
  path: ProjectSettings/TagManager.asset
  artifactKey: Guid(00000000000000003000000000000000) Importer(815301076,1909f56bfc062723c751e8b465ee728b)
Start importing ProjectSettings/TagManager.asset using Guid(00000000000000003000000000000000) Importer(815301076,1909f56bfc062723c751e8b465ee728b)  -> (artifact id: '95df672b4aaba54310d34c83eef51bb8') in 0.021829 seconds 
  Import took 0.028810 seconds .

========================================================================
Received Import Request.
  Time since last request: 359.377701 seconds.
  path: Assets/Sprites/spaceStation_031.png
  artifactKey: Guid(4f1196337ec6b514597e38e1e569c8ba) Importer(815301076,1909f56bfc062723c751e8b465ee728b)
Start importing Assets/Sprites/spaceStation_031.png using Guid(4f1196337ec6b514597e38e1e569c8ba) Importer(815301076,1909f56bfc062723c751e8b465ee728b)  -> (artifact id: 'a25f67bf2613beee63b866c94c07203e') in 0.034061 seconds 
  Import took 0.043550 seconds .

========================================================================
Received Import Request.
  Time since last request: 14.163203 seconds.
  path: Assets/Sprites/spaceStation_031.png
  artifactKey: Guid(4f1196337ec6b514597e38e1e569c8ba) Importer(815301076,1909f56bfc062723c751e8b465ee728b)
Start importing Assets/Sprites/spaceStation_031.png using Guid(4f1196337ec6b514597e38e1e569c8ba) Importer(815301076,1909f56bfc062723c751e8b465ee728b)  -> (artifact id: '836faf78b60e40613322c567703f0ac9') in 0.031227 seconds 
  Import took 0.040078 seconds .

========================================================================
Received Import Request.
  Time since last request: 203.422548 seconds.
  path: Assets/Scripts/NewBehaviourScript.cs
  artifactKey: Guid(c7c17445abf76334db55ab13030a2d3e) Importer(815301076,1909f56bfc062723c751e8b465ee728b)
Start importing Assets/Scripts/NewBehaviourScript.cs using Guid(c7c17445abf76334db55ab13030a2d3e) Importer(815301076,1909f56bfc062723c751e8b465ee728b)  -> (artifact id: '15f7e75fc0ca788d56ea61d27259cfcd') in 0.024044 seconds 
  Import took 0.038019 seconds .

========================================================================
Received Prepare
Registering precompiled user dll's ...
Registered in 0.008748 seconds.
Begin MonoManager ReloadAssembly
Native extension for WindowsStandalone target not found
Refreshing native plugins compatible for Editor in 1.04 ms, found 3 plugins.
Preloading 0 native plugins for Editor in 0.00 ms.
Mono: successfully reloaded assembly
- Completed reload, in  2.309 seconds
Domain Reload Profiling:
	ReloadAssembly (2310ms)
		BeginReloadAssembly (344ms)
			ExecutionOrderSort (0ms)
			DisableScriptedObjects (19ms)
			BackupInstance (0ms)
			ReleaseScriptingObjects (0ms)
			CreateAndSetChildDomain (131ms)
		EndReloadAssembly (1762ms)
			LoadAssemblies (248ms)
			RebuildTransferFunctionScriptingTraits (0ms)
			SetupTypeCache (537ms)
			ReleaseScriptCaches (1ms)
			RebuildScriptCaches (64ms)
			SetupLoadedEditorAssemblies (566ms)
				LogAssemblyErrors (0ms)
				InitializePlatformSupportModulesInManaged (15ms)
				SetLoadedEditorAssemblies (6ms)
				RefreshPlugins (2ms)
				BeforeProcessingInitializeOnLoad (154ms)
				ProcessInitializeOnLoadAttributes (370ms)
				ProcessInitializeOnLoadMethodAttributes (8ms)
				AfterProcessingInitializeOnLoad (13ms)
				EditorAssembliesLoaded (0ms)
			ExecutionOrderSort2 (0ms)
			AwakeInstancesAfterBackupRestoration (16ms)
Platform modules already initialized, skipping
Refreshing native plugins compatible for Editor in 0.57 ms, found 3 plugins.
Preloading 0 native plugins for Editor in 0.00 ms.
Unloading 2081 Unused Serialized files (Serialized files now loaded: 0)
System memory in use before: 95.7 MB.
System memory in use after: 95.8 MB.

Unloading 15 unused Assets to reduce memory usage. Loaded Objects now: 2566.
Total: 4.210900 ms (FindLiveObjects: 1.046400 ms CreateObjectMapping: 0.150200 ms MarkObjects: 2.972200 ms  DeleteObjects: 0.040200 ms)

AssetImportParameters requested are different than current active one (requested -> active):
  custom:framework-win-MediaFoundation: 216162199b28c13a410421893ffa2e32 -> 
  custom:video-decoder-ogg-theora: a1e56fd34408186e4bbccfd4996cb3dc -> 
  custom:container-muxer-webm: aa71ff27fc2769a1b78a27578f13a17b -> 
  custom:container-demuxer-webm: 4f35f7cbe854078d1ac9338744f61a02 -> 
  custom:container-demuxer-ogg: 62fdf1f143b41e24485cea50d1cbac27 -> 
  custom:video-encoder-webm-vp8: eb34c28f22e8b96e1ab97ce403110664 -> 
  custom:video-decoder-webm-vp8: 9c59270c3fd7afecdb556c50c9e8de78 -> 
  custom:audio-decoder-ogg-vorbis: bf7c407c2cedff20999df2af8eb42d56 -> 
  custom:audio-encoder-webm-vorbis: bf7c407c2cedff20999df2af8eb42d56 -> 
========================================================================
Received Prepare
Registering precompiled user dll's ...
Registered in 0.028873 seconds.
Begin MonoManager ReloadAssembly
Native extension for WindowsStandalone target not found
Refreshing native plugins compatible for Editor in 0.51 ms, found 3 plugins.
Preloading 0 native plugins for Editor in 0.00 ms.
Mono: successfully reloaded assembly
- Completed reload, in  2.991 seconds
Domain Reload Profiling:
	ReloadAssembly (2991ms)
		BeginReloadAssembly (668ms)
			ExecutionOrderSort (0ms)
			DisableScriptedObjects (9ms)
			BackupInstance (0ms)
			ReleaseScriptingObjects (0ms)
			CreateAndSetChildDomain (413ms)
		EndReloadAssembly (2114ms)
			LoadAssemblies (1163ms)
			RebuildTransferFunctionScriptingTraits (0ms)
			SetupTypeCache (485ms)
			ReleaseScriptCaches (1ms)
			RebuildScriptCaches (62ms)
			SetupLoadedEditorAssemblies (405ms)
				LogAssemblyErrors (0ms)
				InitializePlatformSupportModulesInManaged (7ms)
				SetLoadedEditorAssemblies (1ms)
				RefreshPlugins (1ms)
				BeforeProcessingInitializeOnLoad (119ms)
				ProcessInitializeOnLoadAttributes (259ms)
				ProcessInitializeOnLoadMethodAttributes (7ms)
				AfterProcessingInitializeOnLoad (12ms)
				EditorAssembliesLoaded (0ms)
			ExecutionOrderSort2 (0ms)
			AwakeInstancesAfterBackupRestoration (17ms)
Platform modules already initialized, skipping
Refreshing native plugins compatible for Editor in 0.65 ms, found 3 plugins.
Preloading 0 native plugins for Editor in 0.00 ms.
Unloading 2080 Unused Serialized files (Serialized files now loaded: 0)
System memory in use before: 95.7 MB.
System memory in use after: 95.8 MB.

Unloading 14 unused Assets to reduce memory usage. Loaded Objects now: 2569.
Total: 3.233900 ms (FindLiveObjects: 0.218700 ms CreateObjectMapping: 0.090500 ms MarkObjects: 2.900800 ms  DeleteObjects: 0.022200 ms)

AssetImportParameters requested are different than current active one (requested -> active):
  custom:framework-win-MediaFoundation: 216162199b28c13a410421893ffa2e32 -> 
  custom:video-decoder-ogg-theora: a1e56fd34408186e4bbccfd4996cb3dc -> 
  custom:container-muxer-webm: aa71ff27fc2769a1b78a27578f13a17b -> 
  custom:container-demuxer-webm: 4f35f7cbe854078d1ac9338744f61a02 -> 
  custom:container-demuxer-ogg: 62fdf1f143b41e24485cea50d1cbac27 -> 
  custom:video-encoder-webm-vp8: eb34c28f22e8b96e1ab97ce403110664 -> 
  custom:video-decoder-webm-vp8: 9c59270c3fd7afecdb556c50c9e8de78 -> 
  custom:audio-decoder-ogg-vorbis: bf7c407c2cedff20999df2af8eb42d56 -> 
  custom:audio-encoder-webm-vorbis: bf7c407c2cedff20999df2af8eb42d56 -> 
========================================================================
Received Prepare
Registering precompiled user dll's ...
Registered in 0.015629 seconds.
Begin MonoManager ReloadAssembly
Native extension for WindowsStandalone target not found
Refreshing native plugins compatible for Editor in 0.50 ms, found 3 plugins.
Preloading 0 native plugins for Editor in 0.00 ms.
Mono: successfully reloaded assembly
- Completed reload, in  1.638 seconds
Domain Reload Profiling:
	ReloadAssembly (1639ms)
		BeginReloadAssembly (233ms)
			ExecutionOrderSort (0ms)
			DisableScriptedObjects (28ms)
			BackupInstance (0ms)
			ReleaseScriptingObjects (0ms)
			CreateAndSetChildDomain (41ms)
		EndReloadAssembly (1330ms)
			LoadAssemblies (207ms)
			RebuildTransferFunctionScriptingTraits (0ms)
			SetupTypeCache (438ms)
			ReleaseScriptCaches (2ms)
			RebuildScriptCaches (48ms)
			SetupLoadedEditorAssemblies (569ms)
				LogAssemblyErrors (0ms)
				InitializePlatformSupportModulesInManaged (5ms)
				SetLoadedEditorAssemblies (1ms)
				RefreshPlugins (1ms)
				BeforeProcessingInitializeOnLoad (218ms)
				ProcessInitializeOnLoadAttributes (316ms)
				ProcessInitializeOnLoadMethodAttributes (8ms)
				AfterProcessingInitializeOnLoad (20ms)
				EditorAssembliesLoaded (0ms)
			ExecutionOrderSort2 (0ms)
			AwakeInstancesAfterBackupRestoration (18ms)
Platform modules already initialized, skipping
Refreshing native plugins compatible for Editor in 0.45 ms, found 3 plugins.
Preloading 0 native plugins for Editor in 0.00 ms.
Unloading 2081 Unused Serialized files (Serialized files now loaded: 0)
System memory in use before: 95.8 MB.
System memory in use after: 95.9 MB.

Unloading 14 unused Assets to reduce memory usage. Loaded Objects now: 2572.
Total: 3.136600 ms (FindLiveObjects: 0.229600 ms CreateObjectMapping: 0.077200 ms MarkObjects: 2.791600 ms  DeleteObjects: 0.037000 ms)

AssetImportParameters requested are different than current active one (requested -> active):
  custom:framework-win-MediaFoundation: 216162199b28c13a410421893ffa2e32 -> 
  custom:video-decoder-ogg-theora: a1e56fd34408186e4bbccfd4996cb3dc -> 
  custom:container-muxer-webm: aa71ff27fc2769a1b78a27578f13a17b -> 
  custom:container-demuxer-webm: 4f35f7cbe854078d1ac9338744f61a02 -> 
  custom:container-demuxer-ogg: 62fdf1f143b41e24485cea50d1cbac27 -> 
  custom:video-encoder-webm-vp8: eb34c28f22e8b96e1ab97ce403110664 -> 
  custom:video-decoder-webm-vp8: 9c59270c3fd7afecdb556c50c9e8de78 -> 
  custom:audio-decoder-ogg-vorbis: bf7c407c2cedff20999df2af8eb42d56 -> 
  custom:audio-encoder-webm-vorbis: bf7c407c2cedff20999df2af8eb42d56 -> 
========================================================================
Received Prepare
Registering precompiled user dll's ...
Registered in 0.010212 seconds.
Begin MonoManager ReloadAssembly
Native extension for WindowsStandalone target not found
Refreshing native plugins compatible for Editor in 0.45 ms, found 3 plugins.
Preloading 0 native plugins for Editor in 0.00 ms.
Mono: successfully reloaded assembly
- Completed reload, in  1.260 seconds
Domain Reload Profiling:
	ReloadAssembly (1260ms)
		BeginReloadAssembly (218ms)
			ExecutionOrderSort (0ms)
			DisableScriptedObjects (7ms)
			BackupInstance (0ms)
			ReleaseScriptingObjects (0ms)
			CreateAndSetChildDomain (45ms)
		EndReloadAssembly (969ms)
			LoadAssemblies (198ms)
			RebuildTransferFunctionScriptingTraits (0ms)
			SetupTypeCache (318ms)
			ReleaseScriptCaches (1ms)
			RebuildScriptCaches (51ms)
			SetupLoadedEditorAssemblies (352ms)
				LogAssemblyErrors (0ms)
				InitializePlatformSupportModulesInManaged (5ms)
				SetLoadedEditorAssemblies (0ms)
				RefreshPlugins (1ms)
				BeforeProcessingInitializeOnLoad (99ms)
				ProcessInitializeOnLoadAttributes (230ms)
				ProcessInitializeOnLoadMethodAttributes (6ms)
				AfterProcessingInitializeOnLoad (10ms)
				EditorAssembliesLoaded (0ms)
			ExecutionOrderSort2 (0ms)
			AwakeInstancesAfterBackupRestoration (11ms)
Platform modules already initialized, skipping
Refreshing native plugins compatible for Editor in 0.48 ms, found 3 plugins.
Preloading 0 native plugins for Editor in 0.00 ms.
Unloading 2080 Unused Serialized files (Serialized files now loaded: 0)
System memory in use before: 95.7 MB.
System memory in use after: 95.9 MB.

Unloading 15 unused Assets to reduce memory usage. Loaded Objects now: 2574.
Total: 3.265900 ms (FindLiveObjects: 0.213800 ms CreateObjectMapping: 0.077300 ms MarkObjects: 2.933800 ms  DeleteObjects: 0.040200 ms)

AssetImportParameters requested are different than current active one (requested -> active):
  custom:framework-win-MediaFoundation: 216162199b28c13a410421893ffa2e32 -> 
  custom:video-decoder-ogg-theora: a1e56fd34408186e4bbccfd4996cb3dc -> 
  custom:container-muxer-webm: aa71ff27fc2769a1b78a27578f13a17b -> 
  custom:container-demuxer-webm: 4f35f7cbe854078d1ac9338744f61a02 -> 
  custom:container-demuxer-ogg: 62fdf1f143b41e24485cea50d1cbac27 -> 
  custom:video-encoder-webm-vp8: eb34c28f22e8b96e1ab97ce403110664 -> 
  custom:video-decoder-webm-vp8: 9c59270c3fd7afecdb556c50c9e8de78 -> 
  custom:audio-decoder-ogg-vorbis: bf7c407c2cedff20999df2af8eb42d56 -> 
  custom:audio-encoder-webm-vorbis: bf7c407c2cedff20999df2af8eb42d56 -> 
========================================================================
Received Import Request.
  Time since last request: 86.906464 seconds.
  path: Assets/Scripts/BaseScript.cs
  artifactKey: Guid(85748b98efc9f8f46b0771c543f09a9a) Importer(815301076,1909f56bfc062723c751e8b465ee728b)
Start importing Assets/Scripts/BaseScript.cs using Guid(85748b98efc9f8f46b0771c543f09a9a) Importer(815301076,1909f56bfc062723c751e8b465ee728b)  -> (artifact id: '15f542116e5e216a32db3b9873d12ff6') in 0.022435 seconds 
  Import took 0.026927 seconds .

========================================================================
Received Prepare
Registering precompiled user dll's ...
Registered in 0.010957 seconds.
Begin MonoManager ReloadAssembly
Native extension for WindowsStandalone target not found
Refreshing native plugins compatible for Editor in 0.45 ms, found 3 plugins.
Preloading 0 native plugins for Editor in 0.00 ms.
Mono: successfully reloaded assembly
- Completed reload, in  1.370 seconds
Domain Reload Profiling:
	ReloadAssembly (1371ms)
		BeginReloadAssembly (191ms)
			ExecutionOrderSort (0ms)
			DisableScriptedObjects (6ms)
			BackupInstance (0ms)
			ReleaseScriptingObjects (0ms)
			CreateAndSetChildDomain (36ms)
		EndReloadAssembly (1095ms)
			LoadAssemblies (196ms)
			RebuildTransferFunctionScriptingTraits (0ms)
			SetupTypeCache (456ms)
			ReleaseScriptCaches (1ms)
			RebuildScriptCaches (44ms)
			SetupLoadedEditorAssemblies (345ms)
				LogAssemblyErrors (0ms)
				InitializePlatformSupportModulesInManaged (5ms)
				SetLoadedEditorAssemblies (0ms)
				RefreshPlugins (1ms)
				BeforeProcessingInitializeOnLoad (103ms)
				ProcessInitializeOnLoadAttributes (218ms)
				ProcessInitializeOnLoadMethodAttributes (7ms)
				AfterProcessingInitializeOnLoad (10ms)
				EditorAssembliesLoaded (0ms)
			ExecutionOrderSort2 (0ms)
			AwakeInstancesAfterBackupRestoration (11ms)
Platform modules already initialized, skipping
Refreshing native plugins compatible for Editor in 0.44 ms, found 3 plugins.
Preloading 0 native plugins for Editor in 0.00 ms.
Unloading 2081 Unused Serialized files (Serialized files now loaded: 0)
System memory in use before: 95.8 MB.
System memory in use after: 95.9 MB.

Unloading 14 unused Assets to reduce memory usage. Loaded Objects now: 2578.
Total: 3.493600 ms (FindLiveObjects: 0.203700 ms CreateObjectMapping: 0.079500 ms MarkObjects: 3.155800 ms  DeleteObjects: 0.053500 ms)

AssetImportParameters requested are different than current active one (requested -> active):
  custom:framework-win-MediaFoundation: 216162199b28c13a410421893ffa2e32 -> 
  custom:video-decoder-ogg-theora: a1e56fd34408186e4bbccfd4996cb3dc -> 
  custom:container-muxer-webm: aa71ff27fc2769a1b78a27578f13a17b -> 
  custom:container-demuxer-webm: 4f35f7cbe854078d1ac9338744f61a02 -> 
  custom:container-demuxer-ogg: 62fdf1f143b41e24485cea50d1cbac27 -> 
  custom:video-encoder-webm-vp8: eb34c28f22e8b96e1ab97ce403110664 -> 
  custom:video-decoder-webm-vp8: 9c59270c3fd7afecdb556c50c9e8de78 -> 
  custom:audio-decoder-ogg-vorbis: bf7c407c2cedff20999df2af8eb42d56 -> 
  custom:audio-encoder-webm-vorbis: bf7c407c2cedff20999df2af8eb42d56 -> 
========================================================================
Received Prepare
Registering precompiled user dll's ...
Registered in 0.007840 seconds.
Begin MonoManager ReloadAssembly
Native extension for WindowsStandalone target not found
Refreshing native plugins compatible for Editor in 0.76 ms, found 3 plugins.
Preloading 0 native plugins for Editor in 0.00 ms.
Mono: successfully reloaded assembly
- Completed reload, in  1.335 seconds
Domain Reload Profiling:
	ReloadAssembly (1336ms)
		BeginReloadAssembly (196ms)
			ExecutionOrderSort (0ms)
			DisableScriptedObjects (9ms)
			BackupInstance (0ms)
			ReleaseScriptingObjects (0ms)
			CreateAndSetChildDomain (53ms)
		EndReloadAssembly (1058ms)
			LoadAssemblies (203ms)
			RebuildTransferFunctionScriptingTraits (0ms)
			SetupTypeCache (353ms)
			ReleaseScriptCaches (1ms)
			RebuildScriptCaches (48ms)
			SetupLoadedEditorAssemblies (389ms)
				LogAssemblyErrors (0ms)
				InitializePlatformSupportModulesInManaged (6ms)
				SetLoadedEditorAssemblies (1ms)
				RefreshPlugins (1ms)
				BeforeProcessingInitializeOnLoad (114ms)
				ProcessInitializeOnLoadAttributes (246ms)
				ProcessInitializeOnLoadMethodAttributes (8ms)
				AfterProcessingInitializeOnLoad (12ms)
				EditorAssembliesLoaded (0ms)
			ExecutionOrderSort2 (0ms)
			AwakeInstancesAfterBackupRestoration (11ms)
Platform modules already initialized, skipping
Refreshing native plugins compatible for Editor in 0.45 ms, found 3 plugins.
Preloading 0 native plugins for Editor in 0.00 ms.
Unloading 2082 Unused Serialized files (Serialized files now loaded: 0)
System memory in use before: 95.8 MB.
System memory in use after: 95.9 MB.

Unloading 14 unused Assets to reduce memory usage. Loaded Objects now: 2582.
Total: 3.070000 ms (FindLiveObjects: 0.173400 ms CreateObjectMapping: 0.068000 ms MarkObjects: 2.790900 ms  DeleteObjects: 0.036500 ms)

AssetImportParameters requested are different than current active one (requested -> active):
  custom:framework-win-MediaFoundation: 216162199b28c13a410421893ffa2e32 -> 
  custom:video-decoder-ogg-theora: a1e56fd34408186e4bbccfd4996cb3dc -> 
  custom:container-muxer-webm: aa71ff27fc2769a1b78a27578f13a17b -> 
  custom:container-demuxer-webm: 4f35f7cbe854078d1ac9338744f61a02 -> 
  custom:container-demuxer-ogg: 62fdf1f143b41e24485cea50d1cbac27 -> 
  custom:video-encoder-webm-vp8: eb34c28f22e8b96e1ab97ce403110664 -> 
  custom:video-decoder-webm-vp8: 9c59270c3fd7afecdb556c50c9e8de78 -> 
  custom:audio-decoder-ogg-vorbis: bf7c407c2cedff20999df2af8eb42d56 -> 
  custom:audio-encoder-webm-vorbis: bf7c407c2cedff20999df2af8eb42d56 -> 
AssetImportWorkerClient::OnTransportError - code=2 error=End of file
